d:\交大\碩士班\碩一上\圖學ta\homework3\cg_hw3\project\debug\vc140.pdb
d:\交大\碩士班\碩一上\圖學ta\homework3\cg_hw3\project\debug\vc140.idb
d:\交大\碩士班\碩一上\圖學ta\homework3\cg_hw3\project\debug\glm.obj
d:\交大\碩士班\碩一上\圖學ta\homework3\cg_hw3\project\debug\glmimg.obj
d:\交大\碩士班\碩一上\圖學ta\homework3\cg_hw3\project\debug\glmimg_devil.obj
d:\交大\碩士班\碩一上\圖學ta\homework3\cg_hw3\project\debug\glmimg_jpg.obj
d:\交大\碩士班\碩一上\圖學ta\homework3\cg_hw3\project\debug\glmimg_png.obj
d:\交大\碩士班\碩一上\圖學ta\homework3\cg_hw3\project\debug\glmimg_sdl.obj
d:\交大\碩士班\碩一上\圖學ta\homework3\cg_hw3\project\debug\glmimg_sim.obj
d:\交大\碩士班\碩一上\圖學ta\homework3\cg_hw3\project\debug\glm_util.obj
d:\交大\碩士班\碩一上\圖學ta\homework3\cg_hw3\project\debug\glm_helper.obj
d:\交大\碩士班\碩一上\圖學ta\homework3\cg_hw3\project\debug\main.obj
d:\交大\碩士班\碩一上\圖學ta\homework3\cg_hw3\debug\cg_hw3.ilk
d:\交大\碩士班\碩一上\圖學ta\homework3\cg_hw3\debug\cg_hw3.exe
d:\交大\碩士班\碩一上\圖學ta\homework3\cg_hw3\debug\cg_hw3.pdb
d:\交大\碩士班\碩一上\圖學ta\homework3\cg_hw3\cg_hw3\debug\glm.obj
d:\交大\碩士班\碩一上\圖學ta\homework3\cg_hw3\cg_hw3\debug\glmimg.obj
d:\交大\碩士班\碩一上\圖學ta\homework3\cg_hw3\cg_hw3\debug\glmimg_devil.obj
d:\交大\碩士班\碩一上\圖學ta\homework3\cg_hw3\cg_hw3\debug\glmimg_jpg.obj
d:\交大\碩士班\碩一上\圖學ta\homework3\cg_hw3\cg_hw3\debug\glmimg_png.obj
d:\交大\碩士班\碩一上\圖學ta\homework3\cg_hw3\cg_hw3\debug\glmimg_sdl.obj
d:\交大\碩士班\碩一上\圖學ta\homework3\cg_hw3\cg_hw3\debug\glmimg_sim.obj
d:\交大\碩士班\碩一上\圖學ta\homework3\cg_hw3\cg_hw3\debug\glm_helper.obj
d:\交大\碩士班\碩一上\圖學ta\homework3\cg_hw3\cg_hw3\debug\glm_util.obj
d:\交大\碩士班\碩一上\圖學ta\homework3\cg_hw3\cg_hw3\debug\main.obj
d:\交大\碩士班\碩一上\圖學ta\homework3\cg_hw3\cg_hw3\debug\vc140.idb
d:\交大\碩士班\碩一上\圖學ta\homework3\cg_hw3\cg_hw3\debug\vc140.pdb
d:\交大\碩士班\碩一上\圖學ta\homework3\cg_hw3\cg_hw3\debug\cg_hw3.tlog\cl.command.1.tlog
d:\交大\碩士班\碩一上\圖學ta\homework3\cg_hw3\cg_hw3\debug\cg_hw3.tlog\cl.read.1.tlog
d:\交大\碩士班\碩一上\圖學ta\homework3\cg_hw3\cg_hw3\debug\cg_hw3.tlog\cl.write.1.tlog
d:\交大\碩士班\碩一上\圖學ta\homework3\cg_hw3\cg_hw3\debug\cg_hw3.tlog\link.command.1.tlog
d:\交大\碩士班\碩一上\圖學ta\homework3\cg_hw3\cg_hw3\debug\cg_hw3.tlog\link.read.1.tlog
d:\交大\碩士班\碩一上\圖學ta\homework3\cg_hw3\cg_hw3\debug\cg_hw3.tlog\link.write.1.tlog
